0 info it worked if it ends with ok
1 verbose cli [ '/home/ubuntu/.nvm/v0.10.35/bin/node',
1 verbose cli   '/home/ubuntu/.nvm/v0.10.35/bin/npm',
1 verbose cli   'install',
1 verbose cli   'pname',
1 verbose cli   '--save' ]
2 info using npm@1.4.28
3 info using node@v0.10.35
4 verbose cache add [ 'pname', null ]
5 verbose cache add name=undefined spec="pname" args=["pname",null]
6 verbose parsed url { protocol: null,
6 verbose parsed url   slashes: null,
6 verbose parsed url   auth: null,
6 verbose parsed url   host: null,
6 verbose parsed url   port: null,
6 verbose parsed url   hostname: null,
6 verbose parsed url   hash: null,
6 verbose parsed url   search: null,
6 verbose parsed url   query: null,
6 verbose parsed url   pathname: 'pname',
6 verbose parsed url   path: 'pname',
6 verbose parsed url   href: 'pname' }
7 silly lockFile 9c7bf1d5-pname pname
8 verbose lock pname /home/ubuntu/.npm/9c7bf1d5-pname.lock
9 silly lockFile 9c7bf1d5-pname pname
10 silly lockFile 9c7bf1d5-pname pname
11 verbose addNamed [ 'pname', '' ]
12 verbose addNamed [ null, '*' ]
13 silly lockFile 6cf20a46-pname pname@
14 verbose lock pname@ /home/ubuntu/.npm/6cf20a46-pname.lock
15 silly addNameRange { name: 'pname', range: '*', hasData: false }
16 verbose request where is /pname
17 verbose request registry https://registry.npmjs.org/
18 verbose request id f9fbce16fd19f176
19 verbose url raw /pname
20 verbose url resolving [ 'https://registry.npmjs.org/', './pname' ]
21 verbose url resolved https://registry.npmjs.org/pname
22 verbose request where is https://registry.npmjs.org/pname
23 info trying registry request attempt 1 at 16:15:03
24 http GET https://registry.npmjs.org/pname
25 http 404 https://registry.npmjs.org/pname
26 verbose headers { date: 'Tue, 03 Mar 2015 16:15:03 GMT',
26 verbose headers   server: 'CouchDB/1.5.0 (Erlang OTP/R16B03)',
26 verbose headers   'content-type': 'application/json',
26 verbose headers   'cache-control': 'max-age=0',
26 verbose headers   'content-length': '52',
26 verbose headers   'accept-ranges': 'bytes',
26 verbose headers   via: '1.1 varnish',
26 verbose headers   age: '0',
26 verbose headers   'x-served-by': 'cache-lhr6333-LHR',
26 verbose headers   'x-cache': 'MISS',
26 verbose headers   'x-cache-hits': '0',
26 verbose headers   'x-timer': 'S1425399303.330779,VS0,VE159',
26 verbose headers   'keep-alive': 'timeout=10, max=50',
26 verbose headers   connection: 'Keep-Alive' }
27 silly registry.get cb [ 404,
27 silly registry.get   { date: 'Tue, 03 Mar 2015 16:15:03 GMT',
27 silly registry.get     server: 'CouchDB/1.5.0 (Erlang OTP/R16B03)',
27 silly registry.get     'content-type': 'application/json',
27 silly registry.get     'cache-control': 'max-age=0',
27 silly registry.get     'content-length': '52',
27 silly registry.get     'accept-ranges': 'bytes',
27 silly registry.get     via: '1.1 varnish',
27 silly registry.get     age: '0',
27 silly registry.get     'x-served-by': 'cache-lhr6333-LHR',
27 silly registry.get     'x-cache': 'MISS',
27 silly registry.get     'x-cache-hits': '0',
27 silly registry.get     'x-timer': 'S1425399303.330779,VS0,VE159',
27 silly registry.get     'keep-alive': 'timeout=10, max=50',
27 silly registry.get     connection: 'Keep-Alive' } ]
28 silly lockFile 6cf20a46-pname pname@
29 silly lockFile 6cf20a46-pname pname@
30 error 404 404 Not Found: pname
30 error 404
30 error 404 'pname' is not in the npm registry.
30 error 404 You should bug the author to publish it
30 error 404
30 error 404 Note that you can also install from a
30 error 404 tarball, folder, or http url, or git url.
31 error System Linux 3.14.13-c9
32 error command "/home/ubuntu/.nvm/v0.10.35/bin/node" "/home/ubuntu/.nvm/v0.10.35/bin/npm" "install" "pname" "--save"
33 error cwd /home/ubuntu/workspace
34 error node -v v0.10.35
35 error npm -v 1.4.28
36 error code E404
37 verbose exit [ 1, true ]
